[2m2021-11-24 01:36:04.697[0;39m [33m WARN[0;39m [35m24460[0;39m [2m---[0;39m [2m[l-1 housekeeper][0;39m [36mcom.zaxxer.hikari.pool.HikariPool       [0;39m [2m:[0;39m HikariPool-1 - Thread starvation or clock leap detected (housekeeper delta=1h48m53s147ms574µs200ns).
[2m2021-11-24 01:36:17.598[0;39m [32m INFO[0;39m [35m24460[0;39m [2m---[0;39m [2m[(143)-127.0.0.1][0;39m [36minMXBeanRegistrar$SpringApplicationAdmin[0;39m [2m:[0;39m Application shutdown requested.
[2m2021-11-24 17:04:09.980[0;39m [32m INFO[0;39m [35m284[0;39m [2m---[0;39m [2m[  restartedMain][0;39m [36m.e.DevToolsPropertyDefaultsPostProcessor[0;39m [2m:[0;39m Devtools property defaults active! Set 'spring.devtools.add-properties' to 'false' to disable
[2m2021-11-24 17:04:09.982[0;39m [32m INFO[0;39m [35m284[0;39m [2m---[0;39m [2m[  restartedMain][0;39m [36m.e.DevToolsPropertyDefaultsPostProcessor[0;39m [2m:[0;39m For additional web related logging consider setting the 'logging.level.web' property to 'DEBUG'
[2m2021-11-24 17:04:11.346[0;39m [32m INFO[0;39m [35m284[0;39m [2m---[0;39m [2m[  restartedMain][0;39m [36mo.s.b.w.embedded.tomcat.TomcatWebServer [0;39m [2m:[0;39m Tomcat initialized with port(s): 9999 (http)
[2m2021-11-24 17:04:11.482[0;39m [32m INFO[0;39m [35m284[0;39m [2m---[0;39m [2m[  restartedMain][0;39m [36mw.s.c.ServletWebServerApplicationContext[0;39m [2m:[0;39m Root WebApplicationContext: initialization completed in 1499 ms
[2m2021-11-24 17:04:13.773[0;39m [32m INFO[0;39m [35m284[0;39m [2m---[0;39m [2m[  restartedMain][0;39m [36mo.s.b.d.a.OptionalLiveReloadServer      [0;39m [2m:[0;39m LiveReload server is running on port 35729
[2m2021-11-24 17:04:14.702[0;39m [32m INFO[0;39m [35m284[0;39m [2m---[0;39m [2m[  restartedMain][0;39m [36mo.s.b.w.embedded.tomcat.TomcatWebServer [0;39m [2m:[0;39m Tomcat started on port(s): 9999 (http) with context path '/vue'
[2m2021-11-24 17:14:26.405[0;39m [32m INFO[0;39m [35m284[0;39m [2m---[0;39m [2m[nio-9999-exec-1][0;39m [36mo.s.web.servlet.DispatcherServlet       [0;39m [2m:[0;39m Initializing Servlet 'dispatcherServlet'
[2m2021-11-24 17:14:26.409[0;39m [32m INFO[0;39m [35m284[0;39m [2m---[0;39m [2m[nio-9999-exec-1][0;39m [36mo.s.web.servlet.DispatcherServlet       [0;39m [2m:[0;39m Completed initialization in 3 ms
[2m2021-11-24 17:14:26.485[0;39m [32m INFO[0;39m [35m284[0;39m [2m---[0;39m [2m[nio-9999-exec-1][0;39m [36mc.s.vue.controller.HouseMapController   [0;39m [2m:[0;39m sido - 호출
[2m2021-11-24 17:14:28.440[0;39m [32m INFO[0;39m [35m284[0;39m [2m---[0;39m [2m[nio-9999-exec-2][0;39m [36mc.s.vue.controller.HouseMapController   [0;39m [2m:[0;39m gugun - 호출
[2m2021-11-24 17:14:32.294[0;39m [32m INFO[0;39m [35m284[0;39m [2m---[0;39m [2m[nio-9999-exec-3][0;39m [36mc.ssafy.vue.controller.BoardController  [0;39m [2m:[0;39m getTotalCount - 호출
[2m2021-11-24 17:14:32.412[0;39m [32m INFO[0;39m [35m284[0;39m [2m---[0;39m [2m[nio-9999-exec-4][0;39m [36mc.ssafy.vue.controller.BoardController  [0;39m [2m:[0;39m listArticle - 호출
[2m2021-11-24 17:14:35.085[0;39m [32m INFO[0;39m [35m284[0;39m [2m---[0;39m [2m[nio-9999-exec-5][0;39m [36mc.s.vue.controller.HouseMapController   [0;39m [2m:[0;39m sido - 호출
[2m2021-11-24 17:14:36.036[0;39m [32m INFO[0;39m [35m284[0;39m [2m---[0;39m [2m[nio-9999-exec-6][0;39m [36mc.s.vue.controller.HouseMapController   [0;39m [2m:[0;39m sido - 호출
[2m2021-11-24 17:14:36.470[0;39m [32m INFO[0;39m [35m284[0;39m [2m---[0;39m [2m[nio-9999-exec-7][0;39m [36mc.ssafy.vue.controller.BoardController  [0;39m [2m:[0;39m getTotalCount - 호출
[2m2021-11-24 17:14:36.484[0;39m [32m INFO[0;39m [35m284[0;39m [2m---[0;39m [2m[nio-9999-exec-8][0;39m [36mc.ssafy.vue.controller.BoardController  [0;39m [2m:[0;39m listArticle - 호출
[2m2021-11-24 19:33:08.094[0;39m [33m WARN[0;39m [35m284[0;39m [2m---[0;39m [2m[l-1 housekeeper][0;39m [36mcom.zaxxer.hikari.pool.HikariPool       [0;39m [2m:[0;39m HikariPool-1 - Thread starvation or clock leap detected (housekeeper delta=6m5s760ms510µs500ns).
[2m2021-11-24 19:41:02.623[0;39m [32m INFO[0;39m [35m284[0;39m [2m---[0;39m [2m[io-9999-exec-10][0;39m [36mc.s.vue.controller.HouseMapController   [0;39m [2m:[0;39m sido - 호출
[2m2021-11-24 20:48:29.005[0;39m [32m INFO[0;39m [35m284[0;39m [2m---[0;39m [2m[nio-9999-exec-2][0;39m [36mc.s.vue.controller.HouseMapController   [0;39m [2m:[0;39m sido - 호출
[2m2021-11-24 20:48:31.771[0;39m [32m INFO[0;39m [35m284[0;39m [2m---[0;39m [2m[nio-9999-exec-3][0;39m [36mc.s.vue.controller.HouseMapController   [0;39m [2m:[0;39m gugun - 호출
[2m2021-11-24 22:05:01.188[0;39m [33m WARN[0;39m [35m284[0;39m [2m---[0;39m [2m[l-1 housekeeper][0;39m [36mcom.zaxxer.hikari.pool.HikariPool       [0;39m [2m:[0;39m HikariPool-1 - Thread starvation or clock leap detected (housekeeper delta=35m21s290ms532µs700ns).
[2m2021-11-24 22:39:41.886[0;39m [33m WARN[0;39m [35m284[0;39m [2m---[0;39m [2m[l-1 housekeeper][0;39m [36mcom.zaxxer.hikari.pool.HikariPool       [0;39m [2m:[0;39m HikariPool-1 - Thread starvation or clock leap detected (housekeeper delta=19m40s506ms408µs600ns).
[2m2021-11-24 23:17:14.358[0;39m [32m INFO[0;39m [35m284[0;39m [2m---[0;39m [2m[nio-9999-exec-5][0;39m [36mc.s.vue.controller.HouseMapController   [0;39m [2m:[0;39m sido - 호출
[2m2021-11-24 23:17:16.825[0;39m [32m INFO[0;39m [35m284[0;39m [2m---[0;39m [2m[nio-9999-exec-6][0;39m [36mc.s.vue.controller.HouseMapController   [0;39m [2m:[0;39m gugun - 호출
[2m2021-11-24 23:37:51.703[0;39m [32m INFO[0;39m [35m284[0;39m [2m---[0;39m [2m[nio-9999-exec-8][0;39m [36mc.s.vue.controller.HouseMapController   [0;39m [2m:[0;39m sido - 호출
[2m2021-11-24 23:38:07.362[0;39m [32m INFO[0;39m [35m284[0;39m [2m---[0;39m [2m[nio-9999-exec-9][0;39m [36mc.s.vue.controller.HouseMapController   [0;39m [2m:[0;39m gugun - 호출
[2m2021-11-24 23:39:50.621[0;39m [32m INFO[0;39m [35m284[0;39m [2m---[0;39m [2m[nio-9999-exec-1][0;39m [36mc.ssafy.vue.controller.BoardController  [0;39m [2m:[0;39m getTotalCount - 호출
[2m2021-11-24 23:39:50.667[0;39m [32m INFO[0;39m [35m284[0;39m [2m---[0;39m [2m[nio-9999-exec-2][0;39m [36mc.ssafy.vue.controller.BoardController  [0;39m [2m:[0;39m listArticle - 호출
[2m2021-11-24 23:39:52.120[0;39m [32m INFO[0;39m [35m284[0;39m [2m---[0;39m [2m[nio-9999-exec-3][0;39m [36mc.s.vue.controller.HouseMapController   [0;39m [2m:[0;39m sido - 호출
[2m2021-11-24 23:39:53.426[0;39m [32m INFO[0;39m [35m284[0;39m [2m---[0;39m [2m[nio-9999-exec-5][0;39m [36mcom.ssafy.vue.controller.QnaController  [0;39m [2m:[0;39m getAllCategory - 호출
[2m2021-11-24 23:39:53.428[0;39m [32m INFO[0;39m [35m284[0;39m [2m---[0;39m [2m[nio-9999-exec-4][0;39m [36mcom.ssafy.vue.controller.QnaController  [0;39m [2m:[0;39m listArticle - 호출
[2m2021-11-24 23:39:53.486[0;39m [32m INFO[0;39m [35m284[0;39m [2m---[0;39m [2m[nio-9999-exec-6][0;39m [36mc.s.vue.controller.QnaReplyController   [0;39m [2m:[0;39m getReply- 호출 : 4
[2m2021-11-24 23:39:53.486[0;39m [32m INFO[0;39m [35m284[0;39m [2m---[0;39m [2m[nio-9999-exec-7][0;39m [36mc.s.vue.controller.QnaReplyController   [0;39m [2m:[0;39m getReply- 호출 : 3
[2m2021-11-24 23:40:31.891[0;39m [32m INFO[0;39m [35m284[0;39m [2m---[0;39m [2m[(353)-127.0.0.1][0;39m [36minMXBeanRegistrar$SpringApplicationAdmin[0;39m [2m:[0;39m Application shutdown requested.
